2020-05-22 15:12:49.165[main][main] INFO  c.n.s.SpringbootHrApplication - Starting SpringbootHrApplication on LAPTOP-L1MN2SAL with PID 10664 (D:\Projects\ProjectExercise\springboot-hr\target\classes started by Lenovo in D:\Projects\ProjectExercise\springboot-hr)
2020-05-22 15:12:49.176[main][main] INFO  c.n.s.SpringbootHrApplication - No active profile set, falling back to default profiles: default
2020-05-22 15:12:55.130[main][main] DEBUG org.apache.ibatis.logging.LogFactory - Logging initialized using 'class org.apache.ibatis.logging.slf4j.Slf4jImpl' adapter.
2020-05-22 15:12:59.946[main][main] INFO  o.s.b.w.e.tomcat.TomcatWebServer - Tomcat initialized with port(s): 8080 (http)
2020-05-22 15:13:00.027[main][main] INFO  o.a.coyote.http11.Http11NioProtocol - Initializing ProtocolHandler ["http-nio-8080"]
2020-05-22 15:13:00.030[main][main] INFO  o.a.catalina.core.StandardService - Starting service [Tomcat]
2020-05-22 15:13:00.031[main][main] INFO  o.a.catalina.core.StandardEngine - Starting Servlet engine: [Apache Tomcat/9.0.33]
2020-05-22 15:13:00.996[main][main] INFO  o.a.c.c.C.[Tomcat].[localhost].[/] - Initializing Spring embedded WebApplicationContext
2020-05-22 15:13:00.997[main][main] INFO  o.s.web.context.ContextLoader - Root WebApplicationContext: initialization completed in 11529 ms
2020-05-22 15:13:02.901[main][main] INFO  c.a.d.s.b.a.DruidDataSourceAutoConfigure - Init DruidDataSource
2020-05-22 15:13:04.315[main][main] INFO  c.alibaba.druid.pool.DruidDataSource - {dataSource-1} inited
2020-05-22 15:13:11.310[main][main] INFO  s.d.s.w.PropertySourcedRequestMappingHandlerMapping - Mapped URL path [/v2/api-docs] onto method [springfox.documentation.swagger2.web.Swagger2Controller#getDocumentation(String, HttpServletRequest)]
2020-05-22 15:13:12.234[main][main] INFO  o.s.s.c.ThreadPoolTaskExecutor - Initializing ExecutorService 'applicationTaskExecutor'
2020-05-22 15:13:13.855[main][main] INFO  o.s.s.web.DefaultSecurityFilterChain - Creating filter chain: Ant [pattern='/swagger-ui.html'], []
2020-05-22 15:13:13.855[main][main] INFO  o.s.s.web.DefaultSecurityFilterChain - Creating filter chain: Ant [pattern='/v2/*'], []
2020-05-22 15:13:13.855[main][main] INFO  o.s.s.web.DefaultSecurityFilterChain - Creating filter chain: Ant [pattern='/swagger-resources/**'], []
2020-05-22 15:13:13.856[main][main] INFO  o.s.s.web.DefaultSecurityFilterChain - Creating filter chain: Ant [pattern='/webjars/**'], []
2020-05-22 15:13:13.856[main][main] INFO  o.s.s.web.DefaultSecurityFilterChain - Creating filter chain: Ant [pattern='/verifyCode'], []
2020-05-22 15:13:13.856[main][main] INFO  o.s.s.web.DefaultSecurityFilterChain - Creating filter chain: Mvc [pattern='/login'], []
2020-05-22 15:13:13.925[main][main] INFO  o.s.s.web.DefaultSecurityFilterChain - Creating filter chain: any request, [org.springframework.security.web.context.request.async.WebAsyncManagerIntegrationFilter@52d63b7e, org.springframework.security.web.context.SecurityContextPersistenceFilter@5b5b53c6, org.springframework.security.web.header.HeaderWriterFilter@79c4f23b, org.springframework.security.web.authentication.logout.LogoutFilter@78b9155e, com.niit.springboothr.filter.LoginFilter@67763ebe, org.springframework.security.web.savedrequest.RequestCacheAwareFilter@3350ab4, org.springframework.security.web.servletapi.SecurityContextHolderAwareRequestFilter@19f497aa, org.springframework.security.web.authentication.AnonymousAuthenticationFilter@74830d73, org.springframework.security.web.session.SessionManagementFilter@15371de2, org.springframework.security.web.access.ExceptionTranslationFilter@2be50bba, org.springframework.security.web.access.intercept.FilterSecurityInterceptor@62ab5e63]
2020-05-22 15:13:14.123[main][main] INFO  s.d.s.w.p.DocumentationPluginsBootstrapper - Context refreshed
2020-05-22 15:13:14.197[main][main] INFO  s.d.s.w.p.DocumentationPluginsBootstrapper - Found 1 custom documentation plugin(s)
2020-05-22 15:13:14.326[main][main] INFO  s.d.s.w.s.ApiListingReferenceScanner - Scanning for api listing references
2020-05-22 15:13:14.708[main][main] WARN  s.d.s.w.r.p.ParameterDataTypeReader - Trying to infer dataType java.lang.Integer[]
2020-05-22 15:13:14.820[main][main] WARN  s.d.s.w.r.p.ParameterDataTypeReader - Trying to infer dataType java.lang.Integer[]
2020-05-22 15:13:15.132[main][main] WARN  s.d.s.w.r.p.ParameterDataTypeReader - Trying to infer dataType java.lang.Integer[]
2020-05-22 15:13:15.245[main][main] INFO  o.a.coyote.http11.Http11NioProtocol - Starting ProtocolHandler ["http-nio-8080"]
2020-05-22 15:13:15.421[main][main] INFO  o.s.b.w.e.tomcat.TomcatWebServer - Tomcat started on port(s): 8080 (http) with context path ''
2020-05-22 15:13:15.474[main][main] INFO  c.n.s.SpringbootHrApplication - Started SpringbootHrApplication in 27.843 seconds (JVM running for 55.855)
