2020-05-14 18:07:03.593[main][main] INFO  c.n.s.SpringbootHrApplication - Starting SpringbootHrApplication on LAPTOP-L1MN2SAL with PID 11824 (D:\Projects\ProjectExercise\springboot-hr\target\classes started by Lenovo in D:\Projects\ProjectExercise\springboot-hr)
2020-05-14 18:07:03.594[main][main] INFO  c.n.s.SpringbootHrApplication - No active profile set, falling back to default profiles: default
2020-05-14 18:07:05.348[main][main] DEBUG org.apache.ibatis.logging.LogFactory - Logging initialized using 'class org.apache.ibatis.logging.slf4j.Slf4jImpl' adapter.
2020-05-14 18:07:06.131[main][main] INFO  o.s.b.w.e.tomcat.TomcatWebServer - Tomcat initialized with port(s): 8080 (http)
2020-05-14 18:07:06.149[main][main] INFO  o.a.coyote.http11.Http11NioProtocol - Initializing ProtocolHandler ["http-nio-8080"]
2020-05-14 18:07:06.150[main][main] INFO  o.a.catalina.core.StandardService - Starting service [Tomcat]
2020-05-14 18:07:06.151[main][main] INFO  o.a.catalina.core.StandardEngine - Starting Servlet engine: [Apache Tomcat/9.0.33]
2020-05-14 18:07:06.373[main][main] INFO  o.a.c.c.C.[Tomcat].[localhost].[/] - Initializing Spring embedded WebApplicationContext
2020-05-14 18:07:06.374[main][main] INFO  o.s.web.context.ContextLoader - Root WebApplicationContext: initialization completed in 2720 ms
2020-05-14 18:07:06.589[main][main] INFO  c.a.d.s.b.a.DruidDataSourceAutoConfigure - Init DruidDataSource
2020-05-14 18:07:06.853[main][main] INFO  c.alibaba.druid.pool.DruidDataSource - {dataSource-1} inited
2020-05-14 18:07:07.649[main][main] INFO  s.d.s.w.PropertySourcedRequestMappingHandlerMapping - Mapped URL path [/v2/api-docs] onto method [springfox.documentation.swagger2.web.Swagger2Controller#getDocumentation(String, HttpServletRequest)]
2020-05-14 18:07:07.760[main][main] INFO  o.s.s.c.ThreadPoolTaskExecutor - Initializing ExecutorService 'applicationTaskExecutor'
2020-05-14 18:07:08.075[main][main] INFO  o.s.s.web.DefaultSecurityFilterChain - Creating filter chain: Ant [pattern='/swagger-ui.html'], []
2020-05-14 18:07:08.075[main][main] INFO  o.s.s.web.DefaultSecurityFilterChain - Creating filter chain: Ant [pattern='/v2/*'], []
2020-05-14 18:07:08.075[main][main] INFO  o.s.s.web.DefaultSecurityFilterChain - Creating filter chain: Ant [pattern='/swagger-resources/**'], []
2020-05-14 18:07:08.075[main][main] INFO  o.s.s.web.DefaultSecurityFilterChain - Creating filter chain: Ant [pattern='/webjars/**'], []
2020-05-14 18:07:08.075[main][main] INFO  o.s.s.web.DefaultSecurityFilterChain - Creating filter chain: Ant [pattern='/verifyCode'], []
2020-05-14 18:07:08.075[main][main] INFO  o.s.s.web.DefaultSecurityFilterChain - Creating filter chain: Mvc [pattern='/login'], []
2020-05-14 18:07:08.107[main][main] INFO  o.s.s.web.DefaultSecurityFilterChain - Creating filter chain: any request, [org.springframework.security.web.context.request.async.WebAsyncManagerIntegrationFilter@17df689e, org.springframework.security.web.context.SecurityContextPersistenceFilter@430d3021, org.springframework.security.web.header.HeaderWriterFilter@4c2bea52, org.springframework.security.web.authentication.logout.LogoutFilter@62883f8a, com.niit.springboothr.filter.LoginFilter@28b458e6, org.springframework.security.web.savedrequest.RequestCacheAwareFilter@3220c28, org.springframework.security.web.servletapi.SecurityContextHolderAwareRequestFilter@341ccfd1, org.springframework.security.web.authentication.AnonymousAuthenticationFilter@21540255, org.springframework.security.web.session.SessionManagementFilter@6ebbc06, org.springframework.security.web.access.ExceptionTranslationFilter@3dc55719, org.springframework.security.web.access.intercept.FilterSecurityInterceptor@11bfd751]
2020-05-14 18:07:08.176[main][main] INFO  s.d.s.w.p.DocumentationPluginsBootstrapper - Context refreshed
2020-05-14 18:07:08.197[main][main] INFO  s.d.s.w.p.DocumentationPluginsBootstrapper - Found 1 custom documentation plugin(s)
2020-05-14 18:07:08.236[main][main] INFO  s.d.s.w.s.ApiListingReferenceScanner - Scanning for api listing references
2020-05-14 18:07:08.346[main][main] WARN  s.d.s.w.r.p.ParameterDataTypeReader - Trying to infer dataType java.lang.Integer[]
2020-05-14 18:07:08.381[main][main] WARN  s.d.s.w.r.p.ParameterDataTypeReader - Trying to infer dataType java.lang.Integer[]
2020-05-14 18:07:08.391[main][main] WARN  s.d.s.w.r.p.ParameterDataTypeReader - Trying to infer dataType java.lang.Integer[]
2020-05-14 18:07:08.429[main][main] INFO  o.a.coyote.http11.Http11NioProtocol - Starting ProtocolHandler ["http-nio-8080"]
2020-05-14 18:07:08.457[main][main] INFO  o.s.b.w.e.tomcat.TomcatWebServer - Tomcat started on port(s): 8080 (http) with context path ''
2020-05-14 18:07:08.460[main][main] INFO  c.n.s.SpringbootHrApplication - Started SpringbootHrApplication in 5.242 seconds (JVM running for 7.42)
2020-05-14 18:08:56.469[http-nio-8080-exec-1][http-nio-8080-exec-1] INFO  o.a.c.c.C.[Tomcat].[localhost].[/] - Initializing Spring DispatcherServlet 'dispatcherServlet'
2020-05-14 18:08:56.470[http-nio-8080-exec-1][http-nio-8080-exec-1] INFO  o.s.web.servlet.DispatcherServlet - Initializing Servlet 'dispatcherServlet'
2020-05-14 18:08:56.802[http-nio-8080-exec-1][http-nio-8080-exec-1] INFO  o.s.web.servlet.DispatcherServlet - Completed initialization in 332 ms
2020-05-14 18:08:57.187[http-nio-8080-exec-1][http-nio-8080-exec-1] WARN  o.a.c.util.SessionIdGeneratorBase - Creation of SecureRandom instance for session ID generation using [SHA1PRNG] took [325] milliseconds.
2020-05-14 18:48:49.194[http-nio-8080-exec-4][http-nio-8080-exec-4] DEBUG c.n.s.m.HrMapper.loadUserByUsername - ==>  Preparing: select * from hr where username=? 
2020-05-14 18:48:49.223[http-nio-8080-exec-4][http-nio-8080-exec-4] DEBUG c.n.s.m.HrMapper.loadUserByUsername - ==> Parameters: admin(String)
2020-05-14 18:48:49.329[http-nio-8080-exec-4][http-nio-8080-exec-4] DEBUG c.n.s.m.HrMapper.loadUserByUsername - <==      Total: 1
2020-05-14 18:48:49.340[http-nio-8080-exec-4][http-nio-8080-exec-4] DEBUG c.n.s.mapper.HrMapper.getHrRolesById - ==>  Preparing: select r.* from role r, hr_role hrr where hrr.rid=r.id and hrr.hrid=? 
2020-05-14 18:48:49.340[http-nio-8080-exec-4][http-nio-8080-exec-4] DEBUG c.n.s.mapper.HrMapper.getHrRolesById - ==> Parameters: 3(Integer)
2020-05-14 18:48:49.360[http-nio-8080-exec-4][http-nio-8080-exec-4] DEBUG c.n.s.mapper.HrMapper.getHrRolesById - <==      Total: 1
2020-05-14 18:48:49.492[http-nio-8080-exec-7][http-nio-8080-exec-7] DEBUG c.n.s.m.MenuMapper.getMenuByHrId - ==>  Preparing: select distinct m1.*, m2.id as id2, m2.component as component2, m2.enabled as enabled2, m2.iconCls as iconCls2, m2.keepAlive as keepAlive2, m2.name as name2, m2.parentId as parentid2, m2.requireAuth as requireAuth2, m2.path as path2 from menu m1 left join menu m2 on m1.id=m2.parentId and m2.enabled=true left join menu_role mr on mr.mid=m2.id left join hr_role hrr on hrr.rid=mr.rid where hrr.hrid=? order by m1.id, m2.id 
2020-05-14 18:48:49.493[http-nio-8080-exec-7][http-nio-8080-exec-7] DEBUG c.n.s.m.MenuMapper.getMenuByHrId - ==> Parameters: 3(Integer)
2020-05-14 18:48:49.522[http-nio-8080-exec-7][http-nio-8080-exec-7] DEBUG c.n.s.m.MenuMapper.getMenuByHrId - <==      Total: 21
2020-05-14 18:49:01.452[http-nio-8080-exec-9][http-nio-8080-exec-9] DEBUG c.n.s.m.J.getAllJobLevels - ==>  Preparing: select * from joblevel 
2020-05-14 18:49:01.453[http-nio-8080-exec-9][http-nio-8080-exec-9] DEBUG c.n.s.m.J.getAllJobLevels - ==> Parameters: 
2020-05-14 18:49:01.478[http-nio-8080-exec-9][http-nio-8080-exec-9] DEBUG c.n.s.m.J.getAllJobLevels - <==      Total: 9
2020-05-14 18:49:01.479[http-nio-8080-exec-6][http-nio-8080-exec-6] DEBUG c.n.s.m.P.selectAllPosition_COUNT - ==>  Preparing: SELECT count(0) FROM position 
2020-05-14 18:49:01.480[http-nio-8080-exec-6][http-nio-8080-exec-6] DEBUG c.n.s.m.P.selectAllPosition_COUNT - ==> Parameters: 
2020-05-14 18:49:01.524[http-nio-8080-exec-6][http-nio-8080-exec-6] DEBUG c.n.s.m.P.selectAllPosition_COUNT - <==      Total: 1
2020-05-14 18:49:01.526[http-nio-8080-exec-6][http-nio-8080-exec-6] DEBUG c.n.s.m.P.selectAllPosition - ==>  Preparing: select * from position LIMIT ? 
2020-05-14 18:49:01.526[http-nio-8080-exec-6][http-nio-8080-exec-6] DEBUG c.n.s.m.P.selectAllPosition - ==> Parameters: 5(Integer)
2020-05-14 18:49:01.529[http-nio-8080-exec-6][http-nio-8080-exec-6] DEBUG c.n.s.m.P.selectAllPosition - <==      Total: 5
2020-05-14 18:49:01.634[http-nio-8080-exec-5][http-nio-8080-exec-5] DEBUG c.n.s.mapper.RoleMapper.getAllRoles - ==>  Preparing: select * from role 
2020-05-14 18:49:01.634[http-nio-8080-exec-5][http-nio-8080-exec-5] DEBUG c.n.s.mapper.RoleMapper.getAllRoles - ==> Parameters: 
2020-05-14 18:49:01.638[http-nio-8080-exec-5][http-nio-8080-exec-5] DEBUG c.n.s.mapper.RoleMapper.getAllRoles - <==      Total: 13
2020-05-14 18:54:52.587[http-nio-8080-exec-10][http-nio-8080-exec-10] DEBUG c.n.s.m.P.selectAllPosition_COUNT - ==>  Preparing: SELECT count(0) FROM position 
2020-05-14 18:54:52.587[http-nio-8080-exec-10][http-nio-8080-exec-10] DEBUG c.n.s.m.P.selectAllPosition_COUNT - ==> Parameters: 
2020-05-14 18:54:52.591[http-nio-8080-exec-10][http-nio-8080-exec-10] DEBUG c.n.s.m.P.selectAllPosition_COUNT - <==      Total: 1
2020-05-14 18:54:52.592[http-nio-8080-exec-10][http-nio-8080-exec-10] DEBUG c.n.s.m.P.selectAllPosition - ==>  Preparing: select * from position LIMIT ? 
2020-05-14 18:54:52.592[http-nio-8080-exec-10][http-nio-8080-exec-10] DEBUG c.n.s.m.P.selectAllPosition - ==> Parameters: 5(Integer)
2020-05-14 18:54:52.594[http-nio-8080-exec-10][http-nio-8080-exec-10] DEBUG c.n.s.m.P.selectAllPosition - <==      Total: 5
2020-05-14 18:54:53.193[http-nio-8080-exec-8][http-nio-8080-exec-8] DEBUG c.n.s.mapper.RoleMapper.getAllRoles - ==>  Preparing: select * from role 
2020-05-14 18:54:53.194[http-nio-8080-exec-8][http-nio-8080-exec-8] DEBUG c.n.s.mapper.RoleMapper.getAllRoles - ==> Parameters: 
2020-05-14 18:54:53.197[http-nio-8080-exec-1][http-nio-8080-exec-1] DEBUG c.n.s.m.J.getAllJobLevels - ==>  Preparing: select * from joblevel 
2020-05-14 18:54:53.198[http-nio-8080-exec-1][http-nio-8080-exec-1] DEBUG c.n.s.m.J.getAllJobLevels - ==> Parameters: 
2020-05-14 18:54:53.206[http-nio-8080-exec-8][http-nio-8080-exec-8] DEBUG c.n.s.mapper.RoleMapper.getAllRoles - <==      Total: 13
2020-05-14 18:54:53.222[http-nio-8080-exec-1][http-nio-8080-exec-1] DEBUG c.n.s.m.J.getAllJobLevels - <==      Total: 9
2020-05-14 18:55:01.651[http-nio-8080-exec-2][http-nio-8080-exec-2] DEBUG c.n.s.mapper.RoleMapper.getAllMenus - ==>  Preparing: select m1.id as id1, m1.name as name1, m2.id as id2, m2.name as name2, m3.id as id3, m3.name as name3 from menu m1, menu m2, menu m3 where m1.id=m2.parentId and m2.id=m3.parentId and m3.enabled=true ORDER BY m1.id, m2.id, m3.id 
2020-05-14 18:55:01.651[http-nio-8080-exec-2][http-nio-8080-exec-2] DEBUG c.n.s.mapper.RoleMapper.getAllMenus - ==> Parameters: 
2020-05-14 18:55:01.652[http-nio-8080-exec-3][http-nio-8080-exec-3] DEBUG c.n.s.mapper.MenuMapper.getMidByRid - ==>  Preparing: select mid from menu_role where rid=? 
2020-05-14 18:55:01.653[http-nio-8080-exec-3][http-nio-8080-exec-3] DEBUG c.n.s.mapper.MenuMapper.getMidByRid - ==> Parameters: 1(Integer)
2020-05-14 18:55:01.656[http-nio-8080-exec-3][http-nio-8080-exec-3] DEBUG c.n.s.mapper.MenuMapper.getMidByRid - <==      Total: 22
2020-05-14 18:55:01.665[http-nio-8080-exec-2][http-nio-8080-exec-2] DEBUG c.n.s.mapper.RoleMapper.getAllMenus - <==      Total: 22
2020-05-14 18:55:09.096[http-nio-8080-exec-7][http-nio-8080-exec-7] DEBUG c.n.s.mapper.RoleMapper.getAllMenus - ==>  Preparing: select m1.id as id1, m1.name as name1, m2.id as id2, m2.name as name2, m3.id as id3, m3.name as name3 from menu m1, menu m2, menu m3 where m1.id=m2.parentId and m2.id=m3.parentId and m3.enabled=true ORDER BY m1.id, m2.id, m3.id 
2020-05-14 18:55:09.096[http-nio-8080-exec-4][http-nio-8080-exec-4] DEBUG c.n.s.mapper.MenuMapper.getMidByRid - ==>  Preparing: select mid from menu_role where rid=? 
2020-05-14 18:55:09.096[http-nio-8080-exec-7][http-nio-8080-exec-7] DEBUG c.n.s.mapper.RoleMapper.getAllMenus - ==> Parameters: 
2020-05-14 18:55:09.097[http-nio-8080-exec-4][http-nio-8080-exec-4] DEBUG c.n.s.mapper.MenuMapper.getMidByRid - ==> Parameters: 17(Integer)
2020-05-14 18:55:09.098[http-nio-8080-exec-4][http-nio-8080-exec-4] DEBUG c.n.s.mapper.MenuMapper.getMidByRid - <==      Total: 0
2020-05-14 18:55:09.108[http-nio-8080-exec-7][http-nio-8080-exec-7] DEBUG c.n.s.mapper.RoleMapper.getAllMenus - <==      Total: 22
2020-05-14 19:18:40.541[http-nio-8080-exec-6][http-nio-8080-exec-6] DEBUG c.n.s.mapper.RoleMapper.getAllRoles - ==>  Preparing: select * from role 
2020-05-14 19:18:40.544[http-nio-8080-exec-6][http-nio-8080-exec-6] DEBUG c.n.s.mapper.RoleMapper.getAllRoles - ==> Parameters: 
2020-05-14 19:18:40.546[http-nio-8080-exec-9][http-nio-8080-exec-9] DEBUG c.n.s.m.P.selectAllPosition_COUNT - ==>  Preparing: SELECT count(0) FROM position 
2020-05-14 19:18:40.548[http-nio-8080-exec-9][http-nio-8080-exec-9] DEBUG c.n.s.m.P.selectAllPosition_COUNT - ==> Parameters: 
2020-05-14 19:18:40.551[http-nio-8080-exec-5][http-nio-8080-exec-5] DEBUG c.n.s.m.J.getAllJobLevels - ==>  Preparing: select * from joblevel 
2020-05-14 19:18:40.552[http-nio-8080-exec-5][http-nio-8080-exec-5] DEBUG c.n.s.m.J.getAllJobLevels - ==> Parameters: 
2020-05-14 19:18:40.612[http-nio-8080-exec-9][http-nio-8080-exec-9] DEBUG c.n.s.m.P.selectAllPosition_COUNT - <==      Total: 1
2020-05-14 19:18:40.612[http-nio-8080-exec-6][http-nio-8080-exec-6] DEBUG c.n.s.mapper.RoleMapper.getAllRoles - <==      Total: 13
2020-05-14 19:18:40.612[http-nio-8080-exec-5][http-nio-8080-exec-5] DEBUG c.n.s.m.J.getAllJobLevels - <==      Total: 9
2020-05-14 19:18:40.614[http-nio-8080-exec-9][http-nio-8080-exec-9] DEBUG c.n.s.m.P.selectAllPosition - ==>  Preparing: select * from position LIMIT ? 
2020-05-14 19:18:40.614[http-nio-8080-exec-9][http-nio-8080-exec-9] DEBUG c.n.s.m.P.selectAllPosition - ==> Parameters: 5(Integer)
2020-05-14 19:18:40.617[http-nio-8080-exec-9][http-nio-8080-exec-9] DEBUG c.n.s.m.P.selectAllPosition - <==      Total: 5
2020-05-14 19:18:46.250[http-nio-8080-exec-10][http-nio-8080-exec-10] DEBUG c.n.s.m.P.selectAllPosition_COUNT - ==>  Preparing: SELECT count(0) FROM position 
2020-05-14 19:18:46.251[http-nio-8080-exec-10][http-nio-8080-exec-10] DEBUG c.n.s.m.P.selectAllPosition_COUNT - ==> Parameters: 
2020-05-14 19:18:46.252[http-nio-8080-exec-10][http-nio-8080-exec-10] DEBUG c.n.s.m.P.selectAllPosition_COUNT - <==      Total: 1
2020-05-14 19:18:46.254[http-nio-8080-exec-10][http-nio-8080-exec-10] DEBUG c.n.s.m.P.selectAllPosition - ==>  Preparing: select * from position LIMIT ? 
2020-05-14 19:18:46.254[http-nio-8080-exec-10][http-nio-8080-exec-10] DEBUG c.n.s.m.P.selectAllPosition - ==> Parameters: 5(Integer)
2020-05-14 19:18:46.257[http-nio-8080-exec-10][http-nio-8080-exec-10] DEBUG c.n.s.m.P.selectAllPosition - <==      Total: 5
2020-05-14 19:18:46.557[http-nio-8080-exec-8][http-nio-8080-exec-8] DEBUG c.n.s.m.J.getAllJobLevels - ==>  Preparing: select * from joblevel 
2020-05-14 19:18:46.557[http-nio-8080-exec-1][http-nio-8080-exec-1] DEBUG c.n.s.mapper.RoleMapper.getAllRoles - ==>  Preparing: select * from role 
2020-05-14 19:18:46.557[http-nio-8080-exec-8][http-nio-8080-exec-8] DEBUG c.n.s.m.J.getAllJobLevels - ==> Parameters: 
2020-05-14 19:18:46.557[http-nio-8080-exec-1][http-nio-8080-exec-1] DEBUG c.n.s.mapper.RoleMapper.getAllRoles - ==> Parameters: 
2020-05-14 19:18:46.559[http-nio-8080-exec-1][http-nio-8080-exec-1] DEBUG c.n.s.mapper.RoleMapper.getAllRoles - <==      Total: 13
2020-05-14 19:18:46.560[http-nio-8080-exec-8][http-nio-8080-exec-8] DEBUG c.n.s.m.J.getAllJobLevels - <==      Total: 9
2020-05-14 19:21:46.429[http-nio-8080-exec-3][http-nio-8080-exec-3] DEBUG c.n.s.m.MenuMapper.getMenuByHrId - ==>  Preparing: select distinct m1.*, m2.id as id2, m2.component as component2, m2.enabled as enabled2, m2.iconCls as iconCls2, m2.keepAlive as keepAlive2, m2.name as name2, m2.parentId as parentid2, m2.requireAuth as requireAuth2, m2.path as path2 from menu m1 left join menu m2 on m1.id=m2.parentId and m2.enabled=true left join menu_role mr on mr.mid=m2.id left join hr_role hrr on hrr.rid=mr.rid where hrr.hrid=? order by m1.id, m2.id 
2020-05-14 19:21:46.429[http-nio-8080-exec-3][http-nio-8080-exec-3] DEBUG c.n.s.m.MenuMapper.getMenuByHrId - ==> Parameters: 3(Integer)
2020-05-14 19:21:46.699[http-nio-8080-exec-3][http-nio-8080-exec-3] DEBUG c.n.s.m.MenuMapper.getMenuByHrId - <==      Total: 21
2020-05-14 19:21:46.737[http-nio-8080-exec-2][http-nio-8080-exec-2] DEBUG c.n.s.m.MenuMapper.getMenuByHrId - ==>  Preparing: select distinct m1.*, m2.id as id2, m2.component as component2, m2.enabled as enabled2, m2.iconCls as iconCls2, m2.keepAlive as keepAlive2, m2.name as name2, m2.parentId as parentid2, m2.requireAuth as requireAuth2, m2.path as path2 from menu m1 left join menu m2 on m1.id=m2.parentId and m2.enabled=true left join menu_role mr on mr.mid=m2.id left join hr_role hrr on hrr.rid=mr.rid where hrr.hrid=? order by m1.id, m2.id 
2020-05-14 19:21:46.737[http-nio-8080-exec-2][http-nio-8080-exec-2] DEBUG c.n.s.m.MenuMapper.getMenuByHrId - ==> Parameters: 3(Integer)
2020-05-14 19:21:46.747[http-nio-8080-exec-2][http-nio-8080-exec-2] DEBUG c.n.s.m.MenuMapper.getMenuByHrId - <==      Total: 21
2020-05-14 19:22:47.390[http-nio-8080-exec-4][http-nio-8080-exec-4] DEBUG c.n.s.m.MenuMapper.getMenuByHrId - ==>  Preparing: select distinct m1.*, m2.id as id2, m2.component as component2, m2.enabled as enabled2, m2.iconCls as iconCls2, m2.keepAlive as keepAlive2, m2.name as name2, m2.parentId as parentid2, m2.requireAuth as requireAuth2, m2.path as path2 from menu m1 left join menu m2 on m1.id=m2.parentId and m2.enabled=true left join menu_role mr on mr.mid=m2.id left join hr_role hrr on hrr.rid=mr.rid where hrr.hrid=? order by m1.id, m2.id 
2020-05-14 19:22:47.391[http-nio-8080-exec-4][http-nio-8080-exec-4] DEBUG c.n.s.m.MenuMapper.getMenuByHrId - ==> Parameters: 3(Integer)
2020-05-14 19:22:47.401[http-nio-8080-exec-4][http-nio-8080-exec-4] DEBUG c.n.s.m.MenuMapper.getMenuByHrId - <==      Total: 21
2020-05-14 19:22:47.448[http-nio-8080-exec-7][http-nio-8080-exec-7] DEBUG c.n.s.m.MenuMapper.getMenuByHrId - ==>  Preparing: select distinct m1.*, m2.id as id2, m2.component as component2, m2.enabled as enabled2, m2.iconCls as iconCls2, m2.keepAlive as keepAlive2, m2.name as name2, m2.parentId as parentid2, m2.requireAuth as requireAuth2, m2.path as path2 from menu m1 left join menu m2 on m1.id=m2.parentId and m2.enabled=true left join menu_role mr on mr.mid=m2.id left join hr_role hrr on hrr.rid=mr.rid where hrr.hrid=? order by m1.id, m2.id 
2020-05-14 19:22:47.449[http-nio-8080-exec-7][http-nio-8080-exec-7] DEBUG c.n.s.m.MenuMapper.getMenuByHrId - ==> Parameters: 3(Integer)
2020-05-14 19:22:47.456[http-nio-8080-exec-7][http-nio-8080-exec-7] DEBUG c.n.s.m.MenuMapper.getMenuByHrId - <==      Total: 21
2020-05-14 19:23:29.556[http-nio-8080-exec-6][http-nio-8080-exec-6] DEBUG c.n.s.m.MenuMapper.getMenuByHrId - ==>  Preparing: select distinct m1.*, m2.id as id2, m2.component as component2, m2.enabled as enabled2, m2.iconCls as iconCls2, m2.keepAlive as keepAlive2, m2.name as name2, m2.parentId as parentid2, m2.requireAuth as requireAuth2, m2.path as path2 from menu m1 left join menu m2 on m1.id=m2.parentId and m2.enabled=true left join menu_role mr on mr.mid=m2.id left join hr_role hrr on hrr.rid=mr.rid where hrr.hrid=? order by m1.id, m2.id 
2020-05-14 19:23:29.557[http-nio-8080-exec-6][http-nio-8080-exec-6] DEBUG c.n.s.m.MenuMapper.getMenuByHrId - ==> Parameters: 3(Integer)
2020-05-14 19:23:29.563[http-nio-8080-exec-6][http-nio-8080-exec-6] DEBUG c.n.s.m.MenuMapper.getMenuByHrId - <==      Total: 21
2020-05-14 19:23:29.600[http-nio-8080-exec-5][http-nio-8080-exec-5] DEBUG c.n.s.m.MenuMapper.getMenuByHrId - ==>  Preparing: select distinct m1.*, m2.id as id2, m2.component as component2, m2.enabled as enabled2, m2.iconCls as iconCls2, m2.keepAlive as keepAlive2, m2.name as name2, m2.parentId as parentid2, m2.requireAuth as requireAuth2, m2.path as path2 from menu m1 left join menu m2 on m1.id=m2.parentId and m2.enabled=true left join menu_role mr on mr.mid=m2.id left join hr_role hrr on hrr.rid=mr.rid where hrr.hrid=? order by m1.id, m2.id 
2020-05-14 19:23:29.601[http-nio-8080-exec-5][http-nio-8080-exec-5] DEBUG c.n.s.m.MenuMapper.getMenuByHrId - ==> Parameters: 3(Integer)
2020-05-14 19:23:29.607[http-nio-8080-exec-5][http-nio-8080-exec-5] DEBUG c.n.s.m.MenuMapper.getMenuByHrId - <==      Total: 21
2020-05-14 19:24:56.653[http-nio-8080-exec-9][http-nio-8080-exec-9] DEBUG c.n.s.m.MenuMapper.getMenuByHrId - ==>  Preparing: select distinct m1.*, m2.id as id2, m2.component as component2, m2.enabled as enabled2, m2.iconCls as iconCls2, m2.keepAlive as keepAlive2, m2.name as name2, m2.parentId as parentid2, m2.requireAuth as requireAuth2, m2.path as path2 from menu m1 left join menu m2 on m1.id=m2.parentId and m2.enabled=true left join menu_role mr on mr.mid=m2.id left join hr_role hrr on hrr.rid=mr.rid where hrr.hrid=? order by m1.id, m2.id 
2020-05-14 19:24:56.654[http-nio-8080-exec-9][http-nio-8080-exec-9] DEBUG c.n.s.m.MenuMapper.getMenuByHrId - ==> Parameters: 3(Integer)
2020-05-14 19:24:56.662[http-nio-8080-exec-9][http-nio-8080-exec-9] DEBUG c.n.s.m.MenuMapper.getMenuByHrId - <==      Total: 21
2020-05-14 19:24:56.695[http-nio-8080-exec-10][http-nio-8080-exec-10] DEBUG c.n.s.m.MenuMapper.getMenuByHrId - ==>  Preparing: select distinct m1.*, m2.id as id2, m2.component as component2, m2.enabled as enabled2, m2.iconCls as iconCls2, m2.keepAlive as keepAlive2, m2.name as name2, m2.parentId as parentid2, m2.requireAuth as requireAuth2, m2.path as path2 from menu m1 left join menu m2 on m1.id=m2.parentId and m2.enabled=true left join menu_role mr on mr.mid=m2.id left join hr_role hrr on hrr.rid=mr.rid where hrr.hrid=? order by m1.id, m2.id 
2020-05-14 19:24:56.697[http-nio-8080-exec-10][http-nio-8080-exec-10] DEBUG c.n.s.m.MenuMapper.getMenuByHrId - ==> Parameters: 3(Integer)
2020-05-14 19:24:56.705[http-nio-8080-exec-10][http-nio-8080-exec-10] DEBUG c.n.s.m.MenuMapper.getMenuByHrId - <==      Total: 21
2020-05-14 19:26:40.282[http-nio-8080-exec-1][http-nio-8080-exec-1] DEBUG c.n.s.m.MenuMapper.getMenuByHrId - ==>  Preparing: select distinct m1.*, m2.id as id2, m2.component as component2, m2.enabled as enabled2, m2.iconCls as iconCls2, m2.keepAlive as keepAlive2, m2.name as name2, m2.parentId as parentid2, m2.requireAuth as requireAuth2, m2.path as path2 from menu m1 left join menu m2 on m1.id=m2.parentId and m2.enabled=true left join menu_role mr on mr.mid=m2.id left join hr_role hrr on hrr.rid=mr.rid where hrr.hrid=? order by m1.id, m2.id 
2020-05-14 19:26:40.284[http-nio-8080-exec-1][http-nio-8080-exec-1] DEBUG c.n.s.m.MenuMapper.getMenuByHrId - ==> Parameters: 3(Integer)
2020-05-14 19:26:40.293[http-nio-8080-exec-1][http-nio-8080-exec-1] DEBUG c.n.s.m.MenuMapper.getMenuByHrId - <==      Total: 21
2020-05-14 19:26:40.342[http-nio-8080-exec-8][http-nio-8080-exec-8] DEBUG c.n.s.m.MenuMapper.getMenuByHrId - ==>  Preparing: select distinct m1.*, m2.id as id2, m2.component as component2, m2.enabled as enabled2, m2.iconCls as iconCls2, m2.keepAlive as keepAlive2, m2.name as name2, m2.parentId as parentid2, m2.requireAuth as requireAuth2, m2.path as path2 from menu m1 left join menu m2 on m1.id=m2.parentId and m2.enabled=true left join menu_role mr on mr.mid=m2.id left join hr_role hrr on hrr.rid=mr.rid where hrr.hrid=? order by m1.id, m2.id 
2020-05-14 19:26:40.342[http-nio-8080-exec-8][http-nio-8080-exec-8] DEBUG c.n.s.m.MenuMapper.getMenuByHrId - ==> Parameters: 3(Integer)
2020-05-14 19:26:40.350[http-nio-8080-exec-8][http-nio-8080-exec-8] DEBUG c.n.s.m.MenuMapper.getMenuByHrId - <==      Total: 21
2020-05-14 19:26:58.544[http-nio-8080-exec-3][http-nio-8080-exec-3] DEBUG c.n.s.m.MenuMapper.getMenuByHrId - ==>  Preparing: select distinct m1.*, m2.id as id2, m2.component as component2, m2.enabled as enabled2, m2.iconCls as iconCls2, m2.keepAlive as keepAlive2, m2.name as name2, m2.parentId as parentid2, m2.requireAuth as requireAuth2, m2.path as path2 from menu m1 left join menu m2 on m1.id=m2.parentId and m2.enabled=true left join menu_role mr on mr.mid=m2.id left join hr_role hrr on hrr.rid=mr.rid where hrr.hrid=? order by m1.id, m2.id 
2020-05-14 19:26:58.544[http-nio-8080-exec-3][http-nio-8080-exec-3] DEBUG c.n.s.m.MenuMapper.getMenuByHrId - ==> Parameters: 3(Integer)
2020-05-14 19:26:58.549[http-nio-8080-exec-3][http-nio-8080-exec-3] DEBUG c.n.s.m.MenuMapper.getMenuByHrId - <==      Total: 21
2020-05-14 19:26:58.577[http-nio-8080-exec-2][http-nio-8080-exec-2] DEBUG c.n.s.m.MenuMapper.getMenuByHrId - ==>  Preparing: select distinct m1.*, m2.id as id2, m2.component as component2, m2.enabled as enabled2, m2.iconCls as iconCls2, m2.keepAlive as keepAlive2, m2.name as name2, m2.parentId as parentid2, m2.requireAuth as requireAuth2, m2.path as path2 from menu m1 left join menu m2 on m1.id=m2.parentId and m2.enabled=true left join menu_role mr on mr.mid=m2.id left join hr_role hrr on hrr.rid=mr.rid where hrr.hrid=? order by m1.id, m2.id 
2020-05-14 19:26:58.578[http-nio-8080-exec-2][http-nio-8080-exec-2] DEBUG c.n.s.m.MenuMapper.getMenuByHrId - ==> Parameters: 3(Integer)
2020-05-14 19:26:58.583[http-nio-8080-exec-2][http-nio-8080-exec-2] DEBUG c.n.s.m.MenuMapper.getMenuByHrId - <==      Total: 21
2020-05-14 19:27:17.456[http-nio-8080-exec-4][http-nio-8080-exec-4] DEBUG c.n.s.m.MenuMapper.getMenuByHrId - ==>  Preparing: select distinct m1.*, m2.id as id2, m2.component as component2, m2.enabled as enabled2, m2.iconCls as iconCls2, m2.keepAlive as keepAlive2, m2.name as name2, m2.parentId as parentid2, m2.requireAuth as requireAuth2, m2.path as path2 from menu m1 left join menu m2 on m1.id=m2.parentId and m2.enabled=true left join menu_role mr on mr.mid=m2.id left join hr_role hrr on hrr.rid=mr.rid where hrr.hrid=? order by m1.id, m2.id 
2020-05-14 19:27:17.457[http-nio-8080-exec-4][http-nio-8080-exec-4] DEBUG c.n.s.m.MenuMapper.getMenuByHrId - ==> Parameters: 3(Integer)
2020-05-14 19:27:17.462[http-nio-8080-exec-4][http-nio-8080-exec-4] DEBUG c.n.s.m.MenuMapper.getMenuByHrId - <==      Total: 21
2020-05-14 19:27:17.491[http-nio-8080-exec-7][http-nio-8080-exec-7] DEBUG c.n.s.m.MenuMapper.getMenuByHrId - ==>  Preparing: select distinct m1.*, m2.id as id2, m2.component as component2, m2.enabled as enabled2, m2.iconCls as iconCls2, m2.keepAlive as keepAlive2, m2.name as name2, m2.parentId as parentid2, m2.requireAuth as requireAuth2, m2.path as path2 from menu m1 left join menu m2 on m1.id=m2.parentId and m2.enabled=true left join menu_role mr on mr.mid=m2.id left join hr_role hrr on hrr.rid=mr.rid where hrr.hrid=? order by m1.id, m2.id 
2020-05-14 19:27:17.492[http-nio-8080-exec-7][http-nio-8080-exec-7] DEBUG c.n.s.m.MenuMapper.getMenuByHrId - ==> Parameters: 3(Integer)
2020-05-14 19:27:17.500[http-nio-8080-exec-7][http-nio-8080-exec-7] DEBUG c.n.s.m.MenuMapper.getMenuByHrId - <==      Total: 21
2020-05-14 19:27:30.221[http-nio-8080-exec-6][http-nio-8080-exec-6] DEBUG c.n.s.m.MenuMapper.getMenuByHrId - ==>  Preparing: select distinct m1.*, m2.id as id2, m2.component as component2, m2.enabled as enabled2, m2.iconCls as iconCls2, m2.keepAlive as keepAlive2, m2.name as name2, m2.parentId as parentid2, m2.requireAuth as requireAuth2, m2.path as path2 from menu m1 left join menu m2 on m1.id=m2.parentId and m2.enabled=true left join menu_role mr on mr.mid=m2.id left join hr_role hrr on hrr.rid=mr.rid where hrr.hrid=? order by m1.id, m2.id 
2020-05-14 19:27:30.221[http-nio-8080-exec-6][http-nio-8080-exec-6] DEBUG c.n.s.m.MenuMapper.getMenuByHrId - ==> Parameters: 3(Integer)
2020-05-14 19:27:30.227[http-nio-8080-exec-6][http-nio-8080-exec-6] DEBUG c.n.s.m.MenuMapper.getMenuByHrId - <==      Total: 21
2020-05-14 19:27:30.252[http-nio-8080-exec-5][http-nio-8080-exec-5] DEBUG c.n.s.m.MenuMapper.getMenuByHrId - ==>  Preparing: select distinct m1.*, m2.id as id2, m2.component as component2, m2.enabled as enabled2, m2.iconCls as iconCls2, m2.keepAlive as keepAlive2, m2.name as name2, m2.parentId as parentid2, m2.requireAuth as requireAuth2, m2.path as path2 from menu m1 left join menu m2 on m1.id=m2.parentId and m2.enabled=true left join menu_role mr on mr.mid=m2.id left join hr_role hrr on hrr.rid=mr.rid where hrr.hrid=? order by m1.id, m2.id 
2020-05-14 19:27:30.253[http-nio-8080-exec-5][http-nio-8080-exec-5] DEBUG c.n.s.m.MenuMapper.getMenuByHrId - ==> Parameters: 3(Integer)
2020-05-14 19:27:30.259[http-nio-8080-exec-5][http-nio-8080-exec-5] DEBUG c.n.s.m.MenuMapper.getMenuByHrId - <==      Total: 21
2020-05-14 19:27:59.978[http-nio-8080-exec-9][http-nio-8080-exec-9] DEBUG c.n.s.m.MenuMapper.getMenuByHrId - ==>  Preparing: select distinct m1.*, m2.id as id2, m2.component as component2, m2.enabled as enabled2, m2.iconCls as iconCls2, m2.keepAlive as keepAlive2, m2.name as name2, m2.parentId as parentid2, m2.requireAuth as requireAuth2, m2.path as path2 from menu m1 left join menu m2 on m1.id=m2.parentId and m2.enabled=true left join menu_role mr on mr.mid=m2.id left join hr_role hrr on hrr.rid=mr.rid where hrr.hrid=? order by m1.id, m2.id 
2020-05-14 19:27:59.979[http-nio-8080-exec-9][http-nio-8080-exec-9] DEBUG c.n.s.m.MenuMapper.getMenuByHrId - ==> Parameters: 3(Integer)
2020-05-14 19:27:59.987[http-nio-8080-exec-9][http-nio-8080-exec-9] DEBUG c.n.s.m.MenuMapper.getMenuByHrId - <==      Total: 21
2020-05-14 19:28:00.025[http-nio-8080-exec-10][http-nio-8080-exec-10] DEBUG c.n.s.m.MenuMapper.getMenuByHrId - ==>  Preparing: select distinct m1.*, m2.id as id2, m2.component as component2, m2.enabled as enabled2, m2.iconCls as iconCls2, m2.keepAlive as keepAlive2, m2.name as name2, m2.parentId as parentid2, m2.requireAuth as requireAuth2, m2.path as path2 from menu m1 left join menu m2 on m1.id=m2.parentId and m2.enabled=true left join menu_role mr on mr.mid=m2.id left join hr_role hrr on hrr.rid=mr.rid where hrr.hrid=? order by m1.id, m2.id 
2020-05-14 19:28:00.026[http-nio-8080-exec-10][http-nio-8080-exec-10] DEBUG c.n.s.m.MenuMapper.getMenuByHrId - ==> Parameters: 3(Integer)
2020-05-14 19:28:00.033[http-nio-8080-exec-10][http-nio-8080-exec-10] DEBUG c.n.s.m.MenuMapper.getMenuByHrId - <==      Total: 21
2020-05-14 19:30:24.261[http-nio-8080-exec-1][http-nio-8080-exec-1] DEBUG c.n.s.m.MenuMapper.getMenuByHrId - ==>  Preparing: select distinct m1.*, m2.id as id2, m2.component as component2, m2.enabled as enabled2, m2.iconCls as iconCls2, m2.keepAlive as keepAlive2, m2.name as name2, m2.parentId as parentid2, m2.requireAuth as requireAuth2, m2.path as path2 from menu m1 left join menu m2 on m1.id=m2.parentId and m2.enabled=true left join menu_role mr on mr.mid=m2.id left join hr_role hrr on hrr.rid=mr.rid where hrr.hrid=? order by m1.id, m2.id 
2020-05-14 19:30:24.262[http-nio-8080-exec-1][http-nio-8080-exec-1] DEBUG c.n.s.m.MenuMapper.getMenuByHrId - ==> Parameters: 3(Integer)
2020-05-14 19:30:24.269[http-nio-8080-exec-1][http-nio-8080-exec-1] DEBUG c.n.s.m.MenuMapper.getMenuByHrId - <==      Total: 21
2020-05-14 19:30:24.303[http-nio-8080-exec-8][http-nio-8080-exec-8] DEBUG c.n.s.m.MenuMapper.getMenuByHrId - ==>  Preparing: select distinct m1.*, m2.id as id2, m2.component as component2, m2.enabled as enabled2, m2.iconCls as iconCls2, m2.keepAlive as keepAlive2, m2.name as name2, m2.parentId as parentid2, m2.requireAuth as requireAuth2, m2.path as path2 from menu m1 left join menu m2 on m1.id=m2.parentId and m2.enabled=true left join menu_role mr on mr.mid=m2.id left join hr_role hrr on hrr.rid=mr.rid where hrr.hrid=? order by m1.id, m2.id 
2020-05-14 19:30:24.304[http-nio-8080-exec-8][http-nio-8080-exec-8] DEBUG c.n.s.m.MenuMapper.getMenuByHrId - ==> Parameters: 3(Integer)
2020-05-14 19:30:24.310[http-nio-8080-exec-8][http-nio-8080-exec-8] DEBUG c.n.s.m.MenuMapper.getMenuByHrId - <==      Total: 21
2020-05-14 19:30:29.949[http-nio-8080-exec-3][http-nio-8080-exec-3] DEBUG c.n.s.m.MenuMapper.getMenuByHrId - ==>  Preparing: select distinct m1.*, m2.id as id2, m2.component as component2, m2.enabled as enabled2, m2.iconCls as iconCls2, m2.keepAlive as keepAlive2, m2.name as name2, m2.parentId as parentid2, m2.requireAuth as requireAuth2, m2.path as path2 from menu m1 left join menu m2 on m1.id=m2.parentId and m2.enabled=true left join menu_role mr on mr.mid=m2.id left join hr_role hrr on hrr.rid=mr.rid where hrr.hrid=? order by m1.id, m2.id 
2020-05-14 19:30:29.949[http-nio-8080-exec-3][http-nio-8080-exec-3] DEBUG c.n.s.m.MenuMapper.getMenuByHrId - ==> Parameters: 3(Integer)
2020-05-14 19:30:29.954[http-nio-8080-exec-3][http-nio-8080-exec-3] DEBUG c.n.s.m.MenuMapper.getMenuByHrId - <==      Total: 21
2020-05-14 19:30:29.988[http-nio-8080-exec-2][http-nio-8080-exec-2] DEBUG c.n.s.m.MenuMapper.getMenuByHrId - ==>  Preparing: select distinct m1.*, m2.id as id2, m2.component as component2, m2.enabled as enabled2, m2.iconCls as iconCls2, m2.keepAlive as keepAlive2, m2.name as name2, m2.parentId as parentid2, m2.requireAuth as requireAuth2, m2.path as path2 from menu m1 left join menu m2 on m1.id=m2.parentId and m2.enabled=true left join menu_role mr on mr.mid=m2.id left join hr_role hrr on hrr.rid=mr.rid where hrr.hrid=? order by m1.id, m2.id 
2020-05-14 19:30:29.989[http-nio-8080-exec-2][http-nio-8080-exec-2] DEBUG c.n.s.m.MenuMapper.getMenuByHrId - ==> Parameters: 3(Integer)
2020-05-14 19:30:29.995[http-nio-8080-exec-2][http-nio-8080-exec-2] DEBUG c.n.s.m.MenuMapper.getMenuByHrId - <==      Total: 21
2020-05-14 19:30:34.805[http-nio-8080-exec-4][http-nio-8080-exec-4] DEBUG c.n.s.m.MenuMapper.getMenuByHrId - ==>  Preparing: select distinct m1.*, m2.id as id2, m2.component as component2, m2.enabled as enabled2, m2.iconCls as iconCls2, m2.keepAlive as keepAlive2, m2.name as name2, m2.parentId as parentid2, m2.requireAuth as requireAuth2, m2.path as path2 from menu m1 left join menu m2 on m1.id=m2.parentId and m2.enabled=true left join menu_role mr on mr.mid=m2.id left join hr_role hrr on hrr.rid=mr.rid where hrr.hrid=? order by m1.id, m2.id 
2020-05-14 19:30:34.806[http-nio-8080-exec-4][http-nio-8080-exec-4] DEBUG c.n.s.m.MenuMapper.getMenuByHrId - ==> Parameters: 3(Integer)
2020-05-14 19:30:34.812[http-nio-8080-exec-4][http-nio-8080-exec-4] DEBUG c.n.s.m.MenuMapper.getMenuByHrId - <==      Total: 21
2020-05-14 19:30:34.859[http-nio-8080-exec-7][http-nio-8080-exec-7] DEBUG c.n.s.m.MenuMapper.getMenuByHrId - ==>  Preparing: select distinct m1.*, m2.id as id2, m2.component as component2, m2.enabled as enabled2, m2.iconCls as iconCls2, m2.keepAlive as keepAlive2, m2.name as name2, m2.parentId as parentid2, m2.requireAuth as requireAuth2, m2.path as path2 from menu m1 left join menu m2 on m1.id=m2.parentId and m2.enabled=true left join menu_role mr on mr.mid=m2.id left join hr_role hrr on hrr.rid=mr.rid where hrr.hrid=? order by m1.id, m2.id 
2020-05-14 19:30:34.859[http-nio-8080-exec-7][http-nio-8080-exec-7] DEBUG c.n.s.m.MenuMapper.getMenuByHrId - ==> Parameters: 3(Integer)
2020-05-14 19:30:34.865[http-nio-8080-exec-7][http-nio-8080-exec-7] DEBUG c.n.s.m.MenuMapper.getMenuByHrId - <==      Total: 21
2020-05-14 19:30:39.025[http-nio-8080-exec-6][http-nio-8080-exec-6] DEBUG c.n.s.m.MenuMapper.getMenuByHrId - ==>  Preparing: select distinct m1.*, m2.id as id2, m2.component as component2, m2.enabled as enabled2, m2.iconCls as iconCls2, m2.keepAlive as keepAlive2, m2.name as name2, m2.parentId as parentid2, m2.requireAuth as requireAuth2, m2.path as path2 from menu m1 left join menu m2 on m1.id=m2.parentId and m2.enabled=true left join menu_role mr on mr.mid=m2.id left join hr_role hrr on hrr.rid=mr.rid where hrr.hrid=? order by m1.id, m2.id 
2020-05-14 19:30:39.025[http-nio-8080-exec-6][http-nio-8080-exec-6] DEBUG c.n.s.m.MenuMapper.getMenuByHrId - ==> Parameters: 3(Integer)
2020-05-14 19:30:39.032[http-nio-8080-exec-6][http-nio-8080-exec-6] DEBUG c.n.s.m.MenuMapper.getMenuByHrId - <==      Total: 21
2020-05-14 19:30:39.069[http-nio-8080-exec-5][http-nio-8080-exec-5] DEBUG c.n.s.m.MenuMapper.getMenuByHrId - ==>  Preparing: select distinct m1.*, m2.id as id2, m2.component as component2, m2.enabled as enabled2, m2.iconCls as iconCls2, m2.keepAlive as keepAlive2, m2.name as name2, m2.parentId as parentid2, m2.requireAuth as requireAuth2, m2.path as path2 from menu m1 left join menu m2 on m1.id=m2.parentId and m2.enabled=true left join menu_role mr on mr.mid=m2.id left join hr_role hrr on hrr.rid=mr.rid where hrr.hrid=? order by m1.id, m2.id 
2020-05-14 19:30:39.070[http-nio-8080-exec-5][http-nio-8080-exec-5] DEBUG c.n.s.m.MenuMapper.getMenuByHrId - ==> Parameters: 3(Integer)
2020-05-14 19:30:39.097[http-nio-8080-exec-5][http-nio-8080-exec-5] DEBUG c.n.s.m.MenuMapper.getMenuByHrId - <==      Total: 21
2020-05-14 19:31:34.473[http-nio-8080-exec-9][http-nio-8080-exec-9] DEBUG c.n.s.m.MenuMapper.getMenuByHrId - ==>  Preparing: select distinct m1.*, m2.id as id2, m2.component as component2, m2.enabled as enabled2, m2.iconCls as iconCls2, m2.keepAlive as keepAlive2, m2.name as name2, m2.parentId as parentid2, m2.requireAuth as requireAuth2, m2.path as path2 from menu m1 left join menu m2 on m1.id=m2.parentId and m2.enabled=true left join menu_role mr on mr.mid=m2.id left join hr_role hrr on hrr.rid=mr.rid where hrr.hrid=? order by m1.id, m2.id 
2020-05-14 19:31:34.474[http-nio-8080-exec-9][http-nio-8080-exec-9] DEBUG c.n.s.m.MenuMapper.getMenuByHrId - ==> Parameters: 3(Integer)
2020-05-14 19:31:34.482[http-nio-8080-exec-9][http-nio-8080-exec-9] DEBUG c.n.s.m.MenuMapper.getMenuByHrId - <==      Total: 21
2020-05-14 19:31:34.520[http-nio-8080-exec-10][http-nio-8080-exec-10] DEBUG c.n.s.m.MenuMapper.getMenuByHrId - ==>  Preparing: select distinct m1.*, m2.id as id2, m2.component as component2, m2.enabled as enabled2, m2.iconCls as iconCls2, m2.keepAlive as keepAlive2, m2.name as name2, m2.parentId as parentid2, m2.requireAuth as requireAuth2, m2.path as path2 from menu m1 left join menu m2 on m1.id=m2.parentId and m2.enabled=true left join menu_role mr on mr.mid=m2.id left join hr_role hrr on hrr.rid=mr.rid where hrr.hrid=? order by m1.id, m2.id 
2020-05-14 19:31:34.520[http-nio-8080-exec-10][http-nio-8080-exec-10] DEBUG c.n.s.m.MenuMapper.getMenuByHrId - ==> Parameters: 3(Integer)
2020-05-14 19:31:34.528[http-nio-8080-exec-10][http-nio-8080-exec-10] DEBUG c.n.s.m.MenuMapper.getMenuByHrId - <==      Total: 21
